$ python3 hrdf_importer_cli.py data/hrdf-src/opentransportdata.swiss-hrdf/current/oev_sammlung_ch_hrdf_5_40_41_2021_20201220_033904

IMPORT to: ./hrdf-tools/tmp/hrdf_2020-12-20.sqlite
[2021-01-07-08:50:16] - START
[2021-01-07-08:50:16] - Parse BITFELD ...
[2021-01-07-08:50:16] - DROP TABLE calendar ...
[2021-01-07-08:50:16] - ... DONE
[2021-01-07-08:50:16] - INSERT 13363 / 13363 rows ...
[2021-01-07-08:50:16] - CREATE INDEX for table calendar ...
[2021-01-07-08:50:16] - ... DONE
[2021-01-07-08:50:16] - Parse GLEIS ...
[2021-01-07-08:50:16] - ... found 523042 lines
[2021-01-07-08:50:18] - ... parse 100000/ 523042 lines
[2021-01-07-08:50:19] - ... parse 200000/ 523042 lines
[2021-01-07-08:50:20] - ... parse 300000/ 523042 lines
[2021-01-07-08:50:21] - ... parse 400000/ 523042 lines
[2021-01-07-08:50:22] - ... parse 500000/ 523042 lines
[2021-01-07-08:50:22] - ... aggregating ...
[2021-01-07-08:50:33] - DROP TABLE gleis_classification ...
[2021-01-07-08:50:37] - ... DONE
[2021-01-07-08:50:37] - INSERT 100000 / 502229 rows ...
[2021-01-07-08:50:38] - INSERT 100000 / 502229 rows ...
[2021-01-07-08:50:39] - INSERT 100000 / 502229 rows ...
[2021-01-07-08:50:40] - INSERT 100000 / 502229 rows ...
[2021-01-07-08:50:42] - INSERT 100000 / 502229 rows ...
[2021-01-07-08:50:43] - INSERT 2229 / 502229 rows ...
[2021-01-07-08:50:43] - CREATE INDEX for table gleis_classification ...
[2021-01-07-08:50:46] - ... DONE
[2021-01-07-08:50:46] - DROP TABLE gleis ...
[2021-01-07-08:50:46] - ... DONE
[2021-01-07-08:50:46] - INSERT 4270 / 4270 rows ...
[2021-01-07-08:50:46] - CREATE INDEX for table gleis ...
[2021-01-07-08:50:46] - ... DONE
[2021-01-07-08:50:46] - DONE
[2021-01-07-08:50:46] - Parse FPLAN ...
[2021-01-07-08:50:51] - ... found 9563336 lines
[2021-01-07-08:50:55] - ... parse 1000000/ 9563336 lines
[2021-01-07-08:51:00] - ... parse 2000000/ 9563336 lines
[2021-01-07-08:51:03] - ... parse 3000000/ 9563336 lines
[2021-01-07-08:51:07] - ... parse 4000000/ 9563336 lines
[2021-01-07-08:51:11] - ... parse 5000000/ 9563336 lines
[2021-01-07-08:51:14] - ... parse 6000000/ 9563336 lines
[2021-01-07-08:51:17] - ... parse 7000000/ 9563336 lines
[2021-01-07-08:51:21] - ... parse 8000000/ 9563336 lines
[2021-01-07-08:51:24] - ... parse 9000000/ 9563336 lines
[2021-01-07-08:51:26] - Unhandled row_types:
{'A MO': 23218, 'R H': 263752, 'I ZN': 414, 'A TS': 24, 'A VA': 15, 'A ZM': 451, 'A OM': 174135, 'R R': 175431, 'A DZ': 67, 'A 2': 4634, 'A Z': 759, 'A SD': 39230, 'A TG': 263, 'I hi': 34832, 'A R': 1858, 'A VR': 2460, 'A WR': 1346, 'A PA': 139, 'A VI': 109, 'A VN': 17905, 'A TT': 648, 'A SC': 8, 'A GP': 1060, 'A EP': 26, 'A FS': 2860, 'A SM': 8210, 'A RR': 2730, 'A RZ': 1143, 'A FZ': 598, 'A BZ': 1143, 'A CC': 20, 'A WL': 20, 'A WS': 219, 'A FA': 629, 'A FL': 147, 'I ZO': 2214, 'A MI': 246, 'A FW': 34, 'A 1': 3, 'A X': 44432, 'A GK': 37, 'A NF': 109078, 'A GR': 926, 'A UK': 2050, 'A TX': 1042, 'A GL': 704, 'A SB': 544, 'A SZ': 230, 'A VL': 6683, 'A PL': 2387, 'A BE': 2873, 'I TC': 2600, 'A B': 316, 'A GN': 457, 'A RE': 27, 'A DS': 48, 'A TF': 8, 'A BL': 18, 'A BH': 11, 'A RT': 8, 'A KB': 139, 'A XR': 539, 'CI 0': 2662, 'CO 0': 43904, 'A BA': 229, 'A BK': 324, 'A HN': 10, 'A MP': 10, 'A PH': 87, 'A PR': 22, 'A AW': 22, 'I RN': 56527, 'A VB': 4165, 'A SF': 68, 'A TD': 12, 'A TA': 974, 'I RT': 4451, 'A SV': 129}
[2021-01-07-08:51:26] - MASSAGE rows ...
[2021-01-07-08:51:29] - DROP TABLE fplan ...
[2021-01-07-08:51:34] - ... DONE
[2021-01-07-08:51:34] - INSERT 100000 / 438906 rows ...
[2021-01-07-08:51:36] - INSERT 100000 / 438906 rows ...
[2021-01-07-08:51:38] - INSERT 100000 / 438906 rows ...
[2021-01-07-08:51:41] - INSERT 100000 / 438906 rows ...
[2021-01-07-08:51:43] - INSERT 38906 / 438906 rows ...
[2021-01-07-08:51:44] - CREATE INDEX for table fplan ...
[2021-01-07-08:51:47] - ... DONE
[2021-01-07-08:51:47] - DROP TABLE fplan_trip_bitfeld ...
[2021-01-07-08:51:49] - ... DONE
[2021-01-07-08:51:49] - INSERT 100000 / 440482 rows ...
[2021-01-07-08:51:49] - INSERT 100000 / 440482 rows ...
[2021-01-07-08:51:50] - INSERT 100000 / 440482 rows ...
[2021-01-07-08:51:51] - INSERT 100000 / 440482 rows ...
[2021-01-07-08:51:51] - INSERT 40482 / 440482 rows ...
[2021-01-07-08:51:51] - CREATE INDEX for table fplan_trip_bitfeld ...
[2021-01-07-08:51:52] - ... DONE
[2021-01-07-08:51:52] - DONE
[2021-01-07-08:51:54] - QUERY GLEIS ...
[2021-01-07-08:52:00] - ... mapped 502229 GLEIS entries
[2021-01-07-08:52:00] - QUERY FPLAN_TRIP_BETRIEB ...
[2021-01-07-08:52:06] - ... parsed 100000 rows ...
[2021-01-07-08:52:14] - ... parsed 200000 rows ...
[2021-01-07-08:52:23] - ... parsed 300000 rows ...
[2021-01-07-08:52:32] - ... parsed 400000 rows ...
[2021-01-07-08:52:37] - DROP TABLE fplan_stop_times ...
[2021-01-07-08:52:41] - ... DONE
[2021-01-07-08:52:41] - INSERT 1000000 / 6808291 rows ...
[2021-01-07-08:52:47] - INSERT 1000000 / 6808291 rows ...
[2021-01-07-08:52:53] - INSERT 1000000 / 6808291 rows ...
[2021-01-07-08:53:00] - INSERT 1000000 / 6808291 rows ...
[2021-01-07-08:53:07] - INSERT 1000000 / 6808291 rows ...
[2021-01-07-08:53:13] - INSERT 1000000 / 6808291 rows ...
[2021-01-07-08:53:20] - INSERT 808291 / 6808291 rows ...
[2021-01-07-08:53:25] - CREATE INDEX for table fplan_stop_times ...
[2021-01-07-08:53:55] - ... DONE
[2021-01-07-08:53:55] - DONE
[2021-01-07-08:53:58] - QUERY agency_id FROM FPLAN ...
[2021-01-07-08:53:58] - ... found 457 items
[2021-01-07-08:53:58] - Parse BETRIEB ...
[2021-01-07-08:53:58] - ... found 615 agency in HRDF
[2021-01-07-08:53:58] - DROP TABLE agency ...
[2021-01-07-08:53:58] - ... DONE
[2021-01-07-08:53:58] - INSERT 615 / 615 rows ...
[2021-01-07-08:53:58] - CREATE INDEX for table agency ...
[2021-01-07-08:53:58] - ... DONE
[2021-01-07-08:53:58] - QUERY stop_id FROM FPLAN ...
[2021-01-07-08:53:59] - ... found 32614 items
[2021-01-07-08:53:59] - Parse BFKOORD_WGS ...
[2021-01-07-08:54:10] - DROP TABLE stops ...
[2021-01-07-08:54:10] - ... DONE
[2021-01-07-08:54:10] - INSERT 33142 / 33142 rows ...
[2021-01-07-08:54:10] - CREATE INDEX for table stops ...
[2021-01-07-08:54:10] - ... DONE
[2021-01-07-08:54:10] - Parse METABHF ...
[2021-01-07-08:54:10] - ... found 18888 lines
[2021-01-07-08:54:10] - ... found 5251 meta stops
[2021-01-07-08:54:10] - DROP TABLE stop_relations ...
[2021-01-07-08:54:10] - ... DONE
[2021-01-07-08:54:10] - INSERT 8311 / 8311 rows ...
[2021-01-07-08:54:10] - CREATE INDEX for table stop_relations ...
[2021-01-07-08:54:10] - ... DONE
[2021-01-07-08:54:10] - ... found 229 lines
[2021-01-07-08:54:10] - DROP TABLE stop_transfer_lines ...
[2021-01-07-08:54:10] - ... DONE
[2021-01-07-08:54:10] - INSERT 229 / 229 rows ...
[2021-01-07-08:54:10] - CREATE INDEX for table stop_transfer_lines ...
[2021-01-07-08:54:10] - ... DONE
[2021-01-07-08:54:10] - ... found 1453 lines
[2021-01-07-08:54:11] - DROP TABLE stop_transfer_trips ...
[2021-01-07-08:54:11] - ... DONE
[2021-01-07-08:54:11] - INSERT 1453 / 1453 rows ...
[2021-01-07-08:54:11] - CREATE INDEX for table stop_transfer_trips ...
[2021-01-07-08:54:11] - ... DONE
[2021-01-07-08:54:11] - DONE
[2021-01-07-08:54:11] - DONE