$ python3 stops_reporter_cli.py -p tmp/hrdf_2021-01-10.sqlite
[2021-01-14-22:21:12] - QUERY FPLAN, FPLAN_STOP_TIMES: 7473318 rows
[2021-01-14-22:21:16] - ... parsed 500000 rows ...
[2021-01-14-22:21:20] - ... parsed 1000000 rows ...
[2021-01-14-22:21:23] - ... parsed 1500000 rows ...
[2021-01-14-22:21:27] - ... parsed 2000000 rows ...
[2021-01-14-22:21:31] - ... parsed 2500000 rows ...
[2021-01-14-22:21:35] - ... parsed 3000000 rows ...
[2021-01-14-22:21:38] - ... parsed 3500000 rows ...
[2021-01-14-22:21:42] - ... parsed 4000000 rows ...
[2021-01-14-22:21:46] - ... parsed 4500000 rows ...
[2021-01-14-22:21:50] - ... parsed 5000000 rows ...
[2021-01-14-22:21:53] - ... parsed 5500000 rows ...
[2021-01-14-22:21:57] - ... parsed 6000000 rows ...
[2021-01-14-22:22:01] - ... parsed 6500000 rows ...
[2021-01-14-22:22:05] - ... parsed 7000000 rows ...
[2021-01-14-22:22:08] - QUERY FPLAN BITFELD AGGREGATE FPLAN_STOP_TIMES: 472199 rows
[2021-01-14-22:22:10] - ... parsed 50000 rows ...
[2021-01-14-22:22:14] - ... parsed 100000 rows ...
[2021-01-14-22:22:18] - ... parsed 150000 rows ...
[2021-01-14-22:22:22] - ... parsed 200000 rows ...
[2021-01-14-22:22:27] - ... parsed 250000 rows ...
[2021-01-14-22:22:32] - ... parsed 300000 rows ...
[2021-01-14-22:22:36] - ... parsed 350000 rows ...
[2021-01-14-22:22:40] - ... parsed 400000 rows ...
[2021-01-14-22:22:46] - ... parsed 450000 rows ...
[2021-01-14-22:22:51] - saved DB data in ./tmp/stops_report_2021-01-10_step1.json
[2021-01-14-22:22:55] - saved to ./tmp/stops_report_2021-01-10.json
[2021-01-14-22:22:56] - saved to ./tmp/stops_report_2021-01-10.csv